app/build/outputs/logs/manifest-merger-debug-report.txt
-- Merging decision tree log ---
manifest
ADDED from src\main\AndroidManifest.xml:2:1-149:12
	package
		ADDED from src\main\AndroidManifest.xml:3:5-36
		INJECTED from src\main\AndroidManifest.xml
		INJECTED from src\main\AndroidManifest.xml
	android:versionName
		ADDED from src\main\AndroidManifest.xml:5:5-30
		INJECTED from src\main\AndroidManifest.xml
		INJECTED from src\main\AndroidManifest.xml
	android:versionCode
		ADDED from src\main\AndroidManifest.xml:4:5-28
		INJECTED from src\main\AndroidManifest.xml
		INJECTED from src\main\AndroidManifest.xml
	xmlns:android
		ADDED from src\main\AndroidManifest.xml:2:11-69
uses-sdk
ADDED from src\main\AndroidManifest.xml:7:5-9:41
MERGED from [com.android.support:support-v4:22.2.1] AndroidManifest.xml:20:5-43
	android:targetSdkVersion
		ADDED from src\main\AndroidManifest.xml:9:9-38
		INJECTED from src\main\AndroidManifest.xml
		INJECTED from src\main\AndroidManifest.xml
	android:minSdkVersion
		ADDED from src\main\AndroidManifest.xml:8:9-35
		INJECTED from src\main\AndroidManifest.xml
		INJECTED from src\main\AndroidManifest.xml
permission#com.cmlab.servicetest.PRIVATE
ADDED from src\main\AndroidManifest.xml:11:5-12:46
	android:protectionLevel
		ADDED from src\main\AndroidManifest.xml:12:9-44
	android:name
		ADDED from src\main\AndroidManifest.xml:11:17-61
uses-permission#android.permission.MOUNT_UNMOUNT_FILESYSTEMS
ADDED from src\main\AndroidManifest.xml:14:5-84
	android:name
		ADDED from src\main\AndroidManifest.xml:14:22-81
uses-permission#android.permission.WRITE_EXTERNAL_STORAGE
ADDED from src\main\AndroidManifest.xml:15:5-81
	android:name
		ADDED from src\main\AndroidManifest.xml:15:22-78
uses-permission#android.permission.READ_EXTERNAL_STORAGE
ADDED from src\main\AndroidManifest.xml:16:5-80
	android:name
		ADDED from src\main\AndroidManifest.xml:16:22-77
uses-permission#android.permission.READ_PHONE_STATE
ADDED from src\main\AndroidManifest.xml:17:5-75
	android:name
		ADDED from src\main\AndroidManifest.xml:17:22-72
uses-permission#android.permission.INTERNET
ADDED from src\main\AndroidManifest.xml:18:5-67
	android:name
		ADDED from src\main\AndroidManifest.xml:18:22-64
uses-permission#android.permission.WRITE_SETTINGS
ADDED from src\main\AndroidManifest.xml:19:5-73
	android:name
		ADDED from src\main\AndroidManifest.xml:19:22-70
uses-permission#android.permission.ACCESS_SUPERUSER
ADDED from src\main\AndroidManifest.xml:20:5-75
	android:name
		ADDED from src\main\AndroidManifest.xml:20:22-72
uses-permission#android.permission.BATTERY_STATS
ADDED from src\main\AndroidManifest.xml:21:5-72
	android:name
		ADDED from src\main\AndroidManifest.xml:21:22-69
uses-permission#android.permission.ACCESS_FINE_LOCATION
ADDED from src\main\AndroidManifest.xml:22:5-79
	android:name
		ADDED from src\main\AndroidManifest.xml:22:22-76
uses-permission#android.permission.ACCESS_COARSE_LOCATION
ADDED from src\main\AndroidManifest.xml:23:5-81
	android:name
		ADDED from src\main\AndroidManifest.xml:23:22-78
uses-permission#android.permission.ACCESS_NETWORK_STATE
ADDED from src\main\AndroidManifest.xml:24:5-79
	android:name
		ADDED from src\main\AndroidManifest.xml:24:22-76
uses-permission#android.permission.ACCESS_WIFI_STATE
ADDED from src\main\AndroidManifest.xml:25:5-76
	android:name
		ADDED from src\main\AndroidManifest.xml:25:22-73
uses-permission#android.permission.CHANGE_WIFI_STATE
ADDED from src\main\AndroidManifest.xml:26:5-76
	android:name
		ADDED from src\main\AndroidManifest.xml:26:22-73
uses-permission#android.permission.BLUETOOTH
ADDED from src\main\AndroidManifest.xml:27:5-68
	android:name
		ADDED from src\main\AndroidManifest.xml:27:22-65
uses-permission#android.permission.BLUETOOTH_ADMIN
ADDED from src\main\AndroidManifest.xml:28:5-74
	android:name
		ADDED from src\main\AndroidManifest.xml:28:22-71
uses-permission#android.permission.CAMERA
ADDED from src\main\AndroidManifest.xml:29:5-65
	android:name
		ADDED from src\main\AndroidManifest.xml:29:22-62
uses-permission#android.permission.GET_TASKS
ADDED from src\main\AndroidManifest.xml:30:5-68
	android:name
		ADDED from src\main\AndroidManifest.xml:30:22-65
uses-permission#android.permission.RESTART_PACKAGES
ADDED from src\main\AndroidManifest.xml:31:5-75
	android:name
		ADDED from src\main\AndroidManifest.xml:31:22-72
uses-permission#android.permission.KILL_BACKGROUND_PROCESSES
ADDED from src\main\AndroidManifest.xml:32:5-84
	android:name
		ADDED from src\main\AndroidManifest.xml:32:22-81
uses-permission#android.permission.READ_CALENDAR
ADDED from src\main\AndroidManifest.xml:33:5-72
	android:name
		ADDED from src\main\AndroidManifest.xml:33:22-69
uses-permission#android.permission.SET_TIME_ZONE
ADDED from src\main\AndroidManifest.xml:34:5-72
	android:name
		ADDED from src\main\AndroidManifest.xml:34:22-69
uses-permission#com.cmlab.servicetest.PRIVATE
ADDED from src\main\AndroidManifest.xml:35:5-68
	android:name
		ADDED from src\main\AndroidManifest.xml:35:22-66
uses-permission#android.permission.RECEIVE_BOOT_COMPLETED
ADDED from src\main\AndroidManifest.xml:36:5-81
	android:name
		ADDED from src\main\AndroidManifest.xml:36:22-78
uses-permission#android.permission.CHANGE_NETWORK_STATE
ADDED from src\main\AndroidManifest.xml:37:5-79
	android:name
		ADDED from src\main\AndroidManifest.xml:37:22-76
uses-permission#android.permission.RECEIVE_SMS
ADDED from src\main\AndroidManifest.xml:38:5-70
	android:name
		ADDED from src\main\AndroidManifest.xml:38:22-67
uses-permission#android.permission.RECEIVE_MMS
ADDED from src\main\AndroidManifest.xml:39:5-70
	android:name
		ADDED from src\main\AndroidManifest.xml:39:22-67
uses-permission#android.permission.READ_SMS
ADDED from src\main\AndroidManifest.xml:40:5-67
	android:name
		ADDED from src\main\AndroidManifest.xml:40:22-64
uses-permission#android.permission.WRITE_SMS
ADDED from src\main\AndroidManifest.xml:41:5-68
	android:name
		ADDED from src\main\AndroidManifest.xml:41:22-65
uses-permission#com.android.launcher.permission.READ_SETTINGS
ADDED from src\main\AndroidManifest.xml:42:5-85
	android:name
		ADDED from src\main\AndroidManifest.xml:42:22-82
uses-permission#android.permission.WAKE_LOCK
ADDED from src\main\AndroidManifest.xml:43:5-68
	android:name
		ADDED from src\main\AndroidManifest.xml:43:22-65
uses-feature#android.hardware.camera
ADDED from src\main\AndroidManifest.xml:46:5-60
	android:name
		ADDED from src\main\AndroidManifest.xml:46:19-57
application
ADDED from src\main\AndroidManifest.xml:48:5-147:19
MERGED from [com.android.support:support-v4:22.2.1] AndroidManifest.xml:22:5-20
	android:label
		ADDED from src\main\AndroidManifest.xml:52:9-41
	android:allowBackup
		ADDED from src\main\AndroidManifest.xml:50:9-35
	android:icon
		ADDED from src\main\AndroidManifest.xml:51:9-39
	android:theme
		ADDED from src\main\AndroidManifest.xml:53:9-40
	android:name
		ADDED from src\main\AndroidManifest.xml:49:9-38
meta-data#com.baidu.lbsapi.API_KEY
ADDED from src\main\AndroidManifest.xml:54:9-56:64
	android:value
		ADDED from src\main\AndroidManifest.xml:56:13-61
	android:name
		ADDED from src\main\AndroidManifest.xml:55:13-52
activity#com.cmlab.servicetest.MainActivity
ADDED from src\main\AndroidManifest.xml:57:9-66:20
	android:label
		ADDED from src\main\AndroidManifest.xml:59:13-55
	android:launchMode
		ADDED from src\main\AndroidManifest.xml:60:13-44
	android:name
		ADDED from src\main\AndroidManifest.xml:58:13-41
intent-filter#android.intent.action.MAIN+android.intent.category.LAUNCHER
ADDED from src\main\AndroidManifest.xml:61:13-65:29
action#android.intent.action.MAIN
ADDED from src\main\AndroidManifest.xml:62:17-69
	android:name
		ADDED from src\main\AndroidManifest.xml:62:25-66
category#android.intent.category.LAUNCHER
ADDED from src\main\AndroidManifest.xml:64:17-77
	android:name
		ADDED from src\main\AndroidManifest.xml:64:27-74
activity#com.cmlab.servicetest.CallActivity
ADDED from src\main\AndroidManifest.xml:67:9-71:20
	android:label
		ADDED from src\main\AndroidManifest.xml:69:13-55
	android:launchMode
		ADDED from src\main\AndroidManifest.xml:70:13-44
	android:name
		ADDED from src\main\AndroidManifest.xml:68:13-41
activity#com.cmlab.servicetest.SMSActivity
ADDED from src\main\AndroidManifest.xml:72:9-76:20
	android:label
		ADDED from src\main\AndroidManifest.xml:74:13-54
	android:launchMode
		ADDED from src\main\AndroidManifest.xml:75:13-44
	android:name
		ADDED from src\main\AndroidManifest.xml:73:13-40
activity#com.cmlab.servicetest.AppsActivity
ADDED from src\main\AndroidManifest.xml:77:9-81:20
	android:label
		ADDED from src\main\AndroidManifest.xml:79:13-55
	android:launchMode
		ADDED from src\main\AndroidManifest.xml:80:13-44
	android:name
		ADDED from src\main\AndroidManifest.xml:78:13-41
activity#com.cmlab.servicetest.WeiXinActivity
ADDED from src\main\AndroidManifest.xml:82:9-86:20
	android:label
		ADDED from src\main\AndroidManifest.xml:84:13-57
	android:launchMode
		ADDED from src\main\AndroidManifest.xml:85:13-44
	android:name
		ADDED from src\main\AndroidManifest.xml:83:13-43
activity#com.cmlab.servicetest.WeiXinTextMsgActivity
ADDED from src\main\AndroidManifest.xml:87:9-91:20
	android:label
		ADDED from src\main\AndroidManifest.xml:89:13-64
	android:launchMode
		ADDED from src\main\AndroidManifest.xml:90:13-44
	android:name
		ADDED from src\main\AndroidManifest.xml:88:13-50
activity#com.cmlab.servicetest.WeiXinImageMsgActivity
ADDED from src\main\AndroidManifest.xml:92:9-96:20
	android:label
		ADDED from src\main\AndroidManifest.xml:94:13-65
	android:launchMode
		ADDED from src\main\AndroidManifest.xml:95:13-44
	android:name
		ADDED from src\main\AndroidManifest.xml:93:13-51
activity#com.cmlab.servicetest.TaskListActivity
ADDED from src\main\AndroidManifest.xml:97:9-101:20
	android:label
		ADDED from src\main\AndroidManifest.xml:99:13-59
	android:launchMode
		ADDED from src\main\AndroidManifest.xml:100:13-44
	android:name
		ADDED from src\main\AndroidManifest.xml:98:13-45
activity#com.cmlab.servicetest.SetUpActivity
ADDED from src\main\AndroidManifest.xml:102:9-106:20
	android:label
		ADDED from src\main\AndroidManifest.xml:104:13-56
	android:launchMode
		ADDED from src\main\AndroidManifest.xml:105:13-44
	android:name
		ADDED from src\main\AndroidManifest.xml:103:13-42
activity#com.cmlab.servicetest.SetUpServerActivity
ADDED from src\main\AndroidManifest.xml:107:9-111:20
	android:label
		ADDED from src\main\AndroidManifest.xml:109:13-65
	android:launchMode
		ADDED from src\main\AndroidManifest.xml:110:13-44
	android:name
		ADDED from src\main\AndroidManifest.xml:108:13-48
activity#com.cmlab.servicetest.RegisterActivity
ADDED from src\main\AndroidManifest.xml:112:9-116:20
	android:label
		ADDED from src\main\AndroidManifest.xml:114:13-59
	android:launchMode
		ADDED from src\main\AndroidManifest.xml:115:13-44
	android:name
		ADDED from src\main\AndroidManifest.xml:113:13-45
activity#com.cmlab.servicetest.PingActivity
ADDED from src\main\AndroidManifest.xml:117:9-121:20
	android:label
		ADDED from src\main\AndroidManifest.xml:119:13-55
	android:launchMode
		ADDED from src\main\AndroidManifest.xml:120:13-44
	android:name
		ADDED from src\main\AndroidManifest.xml:118:13-41
activity#com.cmlab.servicetest.MapActivity
ADDED from src\main\AndroidManifest.xml:122:9-125:46
	android:label
		ADDED from src\main\AndroidManifest.xml:124:13-46
	android:launchMode
		ADDED from src\main\AndroidManifest.xml:125:13-44
	android:name
		ADDED from src\main\AndroidManifest.xml:123:13-40
service#com.cmlab.servicetest.ClockService
ADDED from src\main\AndroidManifest.xml:126:9-130:19
	android:name
		ADDED from src\main\AndroidManifest.xml:126:18-46
intent-filter#com.cmlab.servicetest.ClockService
ADDED from src\main\AndroidManifest.xml:127:13-129:29
	android:priority
		ADDED from src\main\AndroidManifest.xml:127:28-51
action#com.cmlab.servicetest.ClockService
ADDED from src\main\AndroidManifest.xml:128:17-77
	android:name
		ADDED from src\main\AndroidManifest.xml:128:25-74
service#com.cmlab.servicetest.ListenerService
ADDED from src\main\AndroidManifest.xml:131:9-135:19
	android:name
		ADDED from src\main\AndroidManifest.xml:131:18-49
intent-filter#com.cmlab.servicetest.ListenerService
ADDED from src\main\AndroidManifest.xml:132:13-134:29
	android:priority
		ADDED from src\main\AndroidManifest.xml:132:28-51
action#com.cmlab.servicetest.ListenerService
ADDED from src\main\AndroidManifest.xml:133:17-80
	android:name
		ADDED from src\main\AndroidManifest.xml:133:25-77
service#com.cmlab.servicetest.UiControlAccessibilityService
ADDED from src\main\AndroidManifest.xml:136:9-146:19
	android:enabled
		ADDED from src\main\AndroidManifest.xml:137:13-35
	android:label
		ADDED from src\main\AndroidManifest.xml:138:13-45
	android:permission
		ADDED from src\main\AndroidManifest.xml:139:13-79
	android:name
		ADDED from src\main\AndroidManifest.xml:136:18-63
intent-filter#android.accessibilityservice.AccessibilityService
ADDED from src\main\AndroidManifest.xml:140:13-142:29
	android:priority
		ADDED from src\main\AndroidManifest.xml:140:28-51
action#android.accessibilityservice.AccessibilityService
ADDED from src\main\AndroidManifest.xml:141:17-91
	android:name
		ADDED from src\main\AndroidManifest.xml:141:25-89
meta-data#android.accessibilityservice
ADDED from src\main\AndroidManifest.xml:143:13-145:59
	android:resource
		ADDED from src\main\AndroidManifest.xml:145:17-56
	android:name
		ADDED from src\main\AndroidManifest.xml:144:17-60